Determining if the pthread_create exist failed with the following output:
Change Dir: /home/michele/braccio_control/build/CMakeFiles/CMakeTmp

Run Build Command:"/usr/bin/make" "cmTC_0f7fd/fast"
/usr/bin/make -f CMakeFiles/cmTC_0f7fd.dir/build.make CMakeFiles/cmTC_0f7fd.dir/build
make[1]: ingresso nella directory "/home/michele/braccio_control/build/CMakeFiles/CMakeTmp"
Building C object CMakeFiles/cmTC_0f7fd.dir/CheckSymbolExists.c.o
/usr/bin/cc    -o CMakeFiles/cmTC_0f7fd.dir/CheckSymbolExists.c.o   -c /home/michele/braccio_control/build/CMakeFiles/CMakeTmp/CheckSymbolExists.c
Linking C executable cmTC_0f7fd
/usr/bin/cmake -E cmake_link_script CMakeFiles/cmTC_0f7fd.dir/link.txt --verbose=1
/usr/bin/cc      -rdynamic CMakeFiles/cmTC_0f7fd.dir/CheckSymbolExists.c.o  -o cmTC_0f7fd 
CMakeFiles/cmTC_0f7fd.dir/CheckSymbolExists.c.o: nella funzione "main":
CheckSymbolExists.c:(.text+0x1b): riferimento non definito a "pthread_create"
collect2: error: ld returned 1 exit status
CMakeFiles/cmTC_0f7fd.dir/build.make:97: recipe for target 'cmTC_0f7fd' failed
make[1]: *** [cmTC_0f7fd] Error 1
make[1]: uscita dalla directory "/home/michele/braccio_control/build/CMakeFiles/CMakeTmp"
Makefile:126: recipe for target 'cmTC_0f7fd/fast' failed
make: *** [cmTC_0f7fd/fast] Error 2

File /home/michele/braccio_control/build/CMakeFiles/CMakeTmp/CheckSymbolExists.c:
/* */
#include <pthread.h>

int main(int argc, char** argv)
{
  (void)argv;
#ifndef pthread_create
  return ((int*)(&pthread_create))[argc];
#else
  (void)argc;
  return 0;
#endif
}

Determining if the function pthread_create exists in the pthreads failed with the following output:
Change Dir: /home/michele/braccio_control/build/CMakeFiles/CMakeTmp

Run Build Command:"/usr/bin/make" "cmTC_f3716/fast"
/usr/bin/make -f CMakeFiles/cmTC_f3716.dir/build.make CMakeFiles/cmTC_f3716.dir/build
make[1]: ingresso nella directory "/home/michele/braccio_control/build/CMakeFiles/CMakeTmp"
Building C object CMakeFiles/cmTC_f3716.dir/CheckFunctionExists.c.o
/usr/bin/cc   -DCHECK_FUNCTION_EXISTS=pthread_create   -o CMakeFiles/cmTC_f3716.dir/CheckFunctionExists.c.o   -c /usr/share/cmake-3.10/Modules/CheckFunctionExists.c
Linking C executable cmTC_f3716
/usr/bin/cmake -E cmake_link_script CMakeFiles/cmTC_f3716.dir/link.txt --verbose=1
/usr/bin/cc  -DCHECK_FUNCTION_EXISTS=pthread_create    -rdynamic CMakeFiles/cmTC_f3716.dir/CheckFunctionExists.c.o  -o cmTC_f3716 -lpthreads 
/usr/bin/ld: impossibile trovare -lpthreads
collect2: error: ld returned 1 exit status
CMakeFiles/cmTC_f3716.dir/build.make:97: recipe for target 'cmTC_f3716' failed
make[1]: *** [cmTC_f3716] Error 1
make[1]: uscita dalla directory "/home/michele/braccio_control/build/CMakeFiles/CMakeTmp"
Makefile:126: recipe for target 'cmTC_f3716/fast' failed
make: *** [cmTC_f3716/fast] Error 2


